2024/05/01 18:11:58 [emerg] 1#1: invalid number of arguments in "try_files" directive in /etc/nginx/conf.d/nginx.conf:12
2024/05/01 18:12:01 [emerg] 1#1: invalid number of arguments in "try_files" directive in /etc/nginx/conf.d/nginx.conf:12
2024/05/01 18:12:05 [emerg] 1#1: invalid number of arguments in "try_files" directive in /etc/nginx/conf.d/nginx.conf:12
2024/05/01 18:12:09 [emerg] 1#1: invalid number of arguments in "try_files" directive in /etc/nginx/conf.d/nginx.conf:12
2024/05/01 18:12:11 [emerg] 1#1: invalid number of arguments in "try_files" directive in /etc/nginx/conf.d/nginx.conf:12
2024/05/01 18:12:14 [emerg] 1#1: invalid number of arguments in "try_files" directive in /etc/nginx/conf.d/nginx.conf:12
2024/05/01 18:12:19 [emerg] 1#1: invalid number of arguments in "try_files" directive in /etc/nginx/conf.d/nginx.conf:12
2024/05/01 18:12:27 [emerg] 1#1: invalid number of arguments in "try_files" directive in /etc/nginx/conf.d/nginx.conf:12
2024/05/01 18:12:40 [emerg] 1#1: invalid number of arguments in "try_files" directive in /etc/nginx/conf.d/nginx.conf:12
2024/05/01 18:13:07 [emerg] 1#1: invalid number of arguments in "try_files" directive in /etc/nginx/conf.d/nginx.conf:12
2024/05/01 18:14:00 [emerg] 1#1: invalid number of arguments in "try_files" directive in /etc/nginx/conf.d/nginx.conf:12
2024/05/01 18:15:01 [emerg] 1#1: invalid number of arguments in "try_files" directive in /etc/nginx/conf.d/nginx.conf:12
2024/05/01 18:16:03 [emerg] 1#1: invalid number of arguments in "try_files" directive in /etc/nginx/conf.d/nginx.conf:12
2024/05/01 18:17:04 [emerg] 1#1: invalid number of arguments in "try_files" directive in /etc/nginx/conf.d/nginx.conf:12
2024/05/01 18:18:05 [emerg] 1#1: invalid number of arguments in "try_files" directive in /etc/nginx/conf.d/nginx.conf:12
2024/05/01 18:19:07 [emerg] 1#1: host not found in upstream "php" in /etc/nginx/conf.d/nginx.conf:14
2024/05/01 18:20:13 [emerg] 1#1: host not found in upstream "php" in /etc/nginx/conf.d/nginx.conf:14
2024/05/01 18:28:59 [emerg] 1#1: host not found in upstream "php" in /etc/nginx/conf.d/nginx.conf:14
2024/05/01 18:29:07 [emerg] 1#1: host not found in upstream "php" in /etc/nginx/conf.d/nginx.conf:14
2024/05/01 18:29:14 [emerg] 1#1: host not found in upstream "php" in /etc/nginx/conf.d/nginx.conf:14
2024/05/01 18:29:22 [emerg] 1#1: host not found in upstream "php" in /etc/nginx/conf.d/nginx.conf:14
2024/05/01 18:29:30 [emerg] 1#1: host not found in upstream "php" in /etc/nginx/conf.d/nginx.conf:14
2024/05/01 18:29:37 [emerg] 1#1: host not found in upstream "php" in /etc/nginx/conf.d/nginx.conf:14
2024/05/01 18:29:47 [emerg] 1#1: invalid number of arguments in "fastcgi_pass" directive in /etc/nginx/conf.d/nginx.conf:14
2024/05/01 18:29:54 [emerg] 1#1: invalid number of arguments in "fastcgi_pass" directive in /etc/nginx/conf.d/nginx.conf:14
2024/05/01 18:30:08 [emerg] 1#1: invalid number of arguments in "fastcgi_pass" directive in /etc/nginx/conf.d/nginx.conf:14
2024/05/01 18:30:35 [emerg] 1#1: invalid number of arguments in "fastcgi_pass" directive in /etc/nginx/conf.d/nginx.conf:14
2024/05/01 18:31:28 [emerg] 1#1: invalid number of arguments in "fastcgi_pass" directive in /etc/nginx/conf.d/nginx.conf:14
2024/05/01 18:32:29 [emerg] 1#1: invalid number of arguments in "fastcgi_pass" directive in /etc/nginx/conf.d/nginx.conf:14
2024/05/01 18:33:30 [emerg] 1#1: invalid number of arguments in "fastcgi_pass" directive in /etc/nginx/conf.d/nginx.conf:14
2024/05/01 18:34:19 [emerg] 1#1: open() "/var/log?nginx/error.log" failed (2: No such file or directory)
2024/05/01 18:34:21 [emerg] 1#1: open() "/var/log?nginx/error.log" failed (2: No such file or directory)
2024/05/01 18:34:24 [emerg] 1#1: open() "/var/log?nginx/error.log" failed (2: No such file or directory)
2024/05/01 18:34:26 [emerg] 1#1: open() "/var/log?nginx/error.log" failed (2: No such file or directory)
2024/05/01 18:34:29 [emerg] 1#1: open() "/var/log?nginx/error.log" failed (2: No such file or directory)
2024/05/01 18:34:31 [emerg] 1#1: open() "/var/log?nginx/error.log" failed (2: No such file or directory)
2024/05/01 18:34:36 [emerg] 1#1: open() "/var/log?nginx/error.log" failed (2: No such file or directory)
2024/05/01 18:34:43 [emerg] 1#1: open() "/var/log?nginx/error.log" failed (2: No such file or directory)
2024/05/01 18:34:57 [emerg] 1#1: open() "/var/log?nginx/error.log" failed (2: No such file or directory)
2024/05/01 18:35:24 [emerg] 1#1: open() "/var/log?nginx/error.log" failed (2: No such file or directory)
2024/05/01 18:36:16 [notice] 1#1: using the "epoll" event method
2024/05/01 18:36:16 [notice] 1#1: nginx/1.25.5
2024/05/01 18:36:16 [notice] 1#1: built by gcc 13.2.1 20231014 (Alpine 13.2.1_git20231014) 
2024/05/01 18:36:16 [notice] 1#1: OS: Linux 5.15.0-91-generic
2024/05/01 18:36:16 [notice] 1#1: getrlimit(RLIMIT_NOFILE): 1048576:1048576
2024/05/01 18:36:16 [notice] 1#1: start worker processes
2024/05/01 18:36:16 [notice] 1#1: start worker process 20
2024/05/01 18:36:16 [notice] 1#1: start worker process 21
2024/05/01 18:36:16 [notice] 1#1: start worker process 22
2024/05/01 18:36:16 [notice] 1#1: start worker process 23
2024/05/01 18:36:23 [notice] 1#1: signal 3 (SIGQUIT) received, shutting down
2024/05/01 18:36:23 [notice] 21#21: gracefully shutting down
2024/05/01 18:36:23 [notice] 20#20: gracefully shutting down
2024/05/01 18:36:23 [notice] 22#22: gracefully shutting down
2024/05/01 18:36:23 [notice] 21#21: exiting
2024/05/01 18:36:23 [notice] 22#22: exiting
2024/05/01 18:36:23 [notice] 20#20: exiting
2024/05/01 18:36:23 [notice] 21#21: exit
2024/05/01 18:36:23 [notice] 22#22: exit
2024/05/01 18:36:23 [notice] 20#20: exit
2024/05/01 18:36:23 [notice] 23#23: gracefully shutting down
2024/05/01 18:36:23 [notice] 23#23: exiting
2024/05/01 18:36:23 [notice] 23#23: exit
2024/05/01 18:36:23 [notice] 1#1: signal 17 (SIGCHLD) received from 20
2024/05/01 18:36:23 [notice] 1#1: worker process 20 exited with code 0
2024/05/01 18:36:23 [notice] 1#1: worker process 22 exited with code 0
2024/05/01 18:36:23 [notice] 1#1: signal 29 (SIGIO) received
2024/05/01 18:36:23 [notice] 1#1: signal 17 (SIGCHLD) received from 22
2024/05/01 18:36:23 [notice] 1#1: signal 17 (SIGCHLD) received from 23
2024/05/01 18:36:23 [notice] 1#1: worker process 23 exited with code 0
2024/05/01 18:36:23 [notice] 1#1: signal 29 (SIGIO) received
2024/05/01 18:36:23 [notice] 1#1: signal 17 (SIGCHLD) received from 21
2024/05/01 18:36:23 [notice] 1#1: worker process 21 exited with code 0
2024/05/01 18:36:23 [notice] 1#1: exit
2024/05/01 18:36:28 [notice] 1#1: using the "epoll" event method
2024/05/01 18:36:28 [notice] 1#1: nginx/1.25.5
2024/05/01 18:36:28 [notice] 1#1: built by gcc 13.2.1 20231014 (Alpine 13.2.1_git20231014) 
2024/05/01 18:36:28 [notice] 1#1: OS: Linux 5.15.0-91-generic
2024/05/01 18:36:28 [notice] 1#1: getrlimit(RLIMIT_NOFILE): 1048576:1048576
2024/05/01 18:36:28 [notice] 1#1: start worker processes
2024/05/01 18:36:28 [notice] 1#1: start worker process 20
2024/05/01 18:36:28 [notice] 1#1: start worker process 21
2024/05/01 18:36:28 [notice] 1#1: start worker process 22
2024/05/01 18:36:28 [notice] 1#1: start worker process 23
2024/05/01 18:39:33 [notice] 1#1: signal 3 (SIGQUIT) received, shutting down
2024/05/01 18:39:33 [notice] 21#21: gracefully shutting down
2024/05/01 18:39:33 [notice] 20#20: gracefully shutting down
2024/05/01 18:39:33 [notice] 22#22: gracefully shutting down
2024/05/01 18:39:33 [notice] 21#21: exiting
2024/05/01 18:39:33 [notice] 20#20: exiting
2024/05/01 18:39:33 [notice] 22#22: exiting
2024/05/01 18:39:33 [notice] 22#22: exit
2024/05/01 18:39:33 [notice] 21#21: exit
2024/05/01 18:39:33 [notice] 20#20: exit
2024/05/01 18:39:33 [notice] 23#23: gracefully shutting down
2024/05/01 18:39:33 [notice] 23#23: exiting
2024/05/01 18:39:33 [notice] 23#23: exit
2024/05/01 18:39:33 [notice] 1#1: signal 17 (SIGCHLD) received from 23
2024/05/01 18:39:33 [notice] 1#1: worker process 21 exited with code 0
2024/05/01 18:39:33 [notice] 1#1: worker process 23 exited with code 0
2024/05/01 18:39:33 [notice] 1#1: signal 29 (SIGIO) received
2024/05/01 18:39:33 [notice] 1#1: signal 17 (SIGCHLD) received from 22
2024/05/01 18:39:33 [notice] 1#1: worker process 22 exited with code 0
2024/05/01 18:39:33 [notice] 1#1: signal 29 (SIGIO) received
2024/05/01 18:39:33 [notice] 1#1: signal 17 (SIGCHLD) received from 20
2024/05/01 18:39:33 [notice] 1#1: worker process 20 exited with code 0
2024/05/01 18:39:33 [notice] 1#1: exit
2024/05/01 18:40:10 [notice] 1#1: using the "epoll" event method
2024/05/01 18:40:10 [notice] 1#1: nginx/1.25.5
2024/05/01 18:40:10 [notice] 1#1: built by gcc 13.2.1 20231014 (Alpine 13.2.1_git20231014) 
2024/05/01 18:40:10 [notice] 1#1: OS: Linux 5.15.0-91-generic
2024/05/01 18:40:10 [notice] 1#1: getrlimit(RLIMIT_NOFILE): 1048576:1048576
2024/05/01 18:40:10 [notice] 1#1: start worker processes
2024/05/01 18:40:10 [notice] 1#1: start worker process 19
2024/05/01 18:40:10 [notice] 1#1: start worker process 20
2024/05/01 18:40:10 [notice] 1#1: start worker process 21
2024/05/01 18:40:10 [notice] 1#1: start worker process 22
2024/05/01 18:52:37 [notice] 1#1: signal 3 (SIGQUIT) received, shutting down
2024/05/01 18:52:37 [notice] 19#19: gracefully shutting down
2024/05/01 18:52:37 [notice] 20#20: gracefully shutting down
2024/05/01 18:52:37 [notice] 21#21: gracefully shutting down
2024/05/01 18:52:37 [notice] 19#19: exiting
2024/05/01 18:52:37 [notice] 20#20: exiting
2024/05/01 18:52:37 [notice] 21#21: exiting
2024/05/01 18:52:37 [notice] 19#19: exit
2024/05/01 18:52:37 [notice] 20#20: exit
2024/05/01 18:52:37 [notice] 21#21: exit
2024/05/01 18:52:37 [notice] 22#22: gracefully shutting down
2024/05/01 18:52:37 [notice] 22#22: exiting
2024/05/01 18:52:37 [notice] 22#22: exit
2024/05/01 18:52:37 [notice] 1#1: signal 17 (SIGCHLD) received from 22
2024/05/01 18:52:37 [notice] 1#1: worker process 22 exited with code 0
2024/05/01 18:52:37 [notice] 1#1: signal 29 (SIGIO) received
2024/05/01 18:52:37 [notice] 1#1: signal 17 (SIGCHLD) received from 20
2024/05/01 18:52:37 [notice] 1#1: worker process 20 exited with code 0
2024/05/01 18:52:37 [notice] 1#1: signal 29 (SIGIO) received
2024/05/01 18:52:37 [notice] 1#1: signal 17 (SIGCHLD) received from 19
2024/05/01 18:52:37 [notice] 1#1: worker process 19 exited with code 0
2024/05/01 18:52:37 [notice] 1#1: worker process 21 exited with code 0
2024/05/01 18:52:37 [notice] 1#1: exit
2024/05/01 18:52:43 [emerg] 1#1: invalid number of arguments in "fastcgi_pass" directive in /etc/nginx/conf.d/nginx.conf:14
2024/05/01 18:52:45 [emerg] 1#1: invalid number of arguments in "fastcgi_pass" directive in /etc/nginx/conf.d/nginx.conf:14
2024/05/01 18:52:48 [emerg] 1#1: invalid number of arguments in "fastcgi_pass" directive in /etc/nginx/conf.d/nginx.conf:14
2024/05/01 18:52:50 [emerg] 1#1: invalid number of arguments in "fastcgi_pass" directive in /etc/nginx/conf.d/nginx.conf:14
2024/05/01 18:52:53 [emerg] 1#1: invalid number of arguments in "fastcgi_pass" directive in /etc/nginx/conf.d/nginx.conf:14
2024/05/01 18:52:56 [emerg] 1#1: invalid number of arguments in "fastcgi_pass" directive in /etc/nginx/conf.d/nginx.conf:14
2024/05/01 18:53:00 [emerg] 1#1: invalid number of arguments in "fastcgi_pass" directive in /etc/nginx/conf.d/nginx.conf:14
2024/05/01 18:53:07 [emerg] 1#1: invalid number of arguments in "fastcgi_pass" directive in /etc/nginx/conf.d/nginx.conf:14
2024/05/01 18:53:21 [emerg] 1#1: invalid number of arguments in "fastcgi_pass" directive in /etc/nginx/conf.d/nginx.conf:14
2024/05/01 18:53:48 [emerg] 1#1: invalid number of arguments in "fastcgi_pass" directive in /etc/nginx/conf.d/nginx.conf:14
2024/05/01 18:54:40 [emerg] 1#1: invalid number of arguments in "fastcgi_pass" directive in /etc/nginx/conf.d/nginx.conf:14
2024/05/01 18:55:41 [emerg] 1#1: invalid number of arguments in "fastcgi_pass" directive in /etc/nginx/conf.d/nginx.conf:14
2024/05/01 18:56:43 [emerg] 1#1: invalid number of arguments in "fastcgi_pass" directive in /etc/nginx/conf.d/nginx.conf:14
2024/05/01 18:57:44 [emerg] 1#1: invalid number of arguments in "fastcgi_pass" directive in /etc/nginx/conf.d/nginx.conf:14
2024/05/01 18:58:45 [emerg] 1#1: invalid number of arguments in "fastcgi_pass" directive in /etc/nginx/conf.d/nginx.conf:14
2024/05/01 18:59:46 [emerg] 1#1: invalid number of arguments in "fastcgi_pass" directive in /etc/nginx/conf.d/nginx.conf:14
2024/05/01 19:00:47 [emerg] 1#1: invalid number of arguments in "fastcgi_pass" directive in /etc/nginx/conf.d/nginx.conf:14
2024/05/01 19:01:48 [emerg] 1#1: invalid number of arguments in "fastcgi_pass" directive in /etc/nginx/conf.d/nginx.conf:14
2024/05/01 19:02:49 [emerg] 1#1: invalid number of arguments in "fastcgi_pass" directive in /etc/nginx/conf.d/nginx.conf:14
2024/05/01 19:03:50 [emerg] 1#1: invalid number of arguments in "fastcgi_pass" directive in /etc/nginx/conf.d/nginx.conf:14
2024/05/01 19:04:52 [emerg] 1#1: invalid number of arguments in "fastcgi_pass" directive in /etc/nginx/conf.d/nginx.conf:14
2024/05/01 19:05:53 [emerg] 1#1: invalid number of arguments in "fastcgi_pass" directive in /etc/nginx/conf.d/nginx.conf:14
2024/05/01 19:06:54 [notice] 1#1: using the "epoll" event method
2024/05/01 19:06:54 [notice] 1#1: nginx/1.25.5
2024/05/01 19:06:54 [notice] 1#1: built by gcc 13.2.1 20231014 (Alpine 13.2.1_git20231014) 
2024/05/01 19:06:54 [notice] 1#1: OS: Linux 5.15.0-91-generic
2024/05/01 19:06:54 [notice] 1#1: getrlimit(RLIMIT_NOFILE): 1048576:1048576
2024/05/01 19:06:54 [notice] 1#1: start worker processes
2024/05/01 19:06:54 [notice] 1#1: start worker process 20
2024/05/01 19:06:54 [notice] 1#1: start worker process 21
2024/05/01 19:06:54 [notice] 1#1: start worker process 22
2024/05/01 19:06:54 [notice] 1#1: start worker process 23
2024/05/01 19:08:38 [notice] 1#1: signal 3 (SIGQUIT) received, shutting down
2024/05/01 19:08:38 [notice] 20#20: gracefully shutting down
2024/05/01 19:08:38 [notice] 22#22: gracefully shutting down
2024/05/01 19:08:38 [notice] 23#23: gracefully shutting down
2024/05/01 19:08:38 [notice] 20#20: exiting
2024/05/01 19:08:38 [notice] 22#22: exiting
2024/05/01 19:08:38 [notice] 23#23: exiting
2024/05/01 19:08:38 [notice] 22#22: exit
2024/05/01 19:08:38 [notice] 20#20: exit
2024/05/01 19:08:38 [notice] 21#21: gracefully shutting down
2024/05/01 19:08:38 [notice] 23#23: exit
2024/05/01 19:08:38 [notice] 21#21: exiting
2024/05/01 19:08:38 [notice] 21#21: exit
2024/05/01 19:08:38 [notice] 1#1: signal 17 (SIGCHLD) received from 21
2024/05/01 19:08:38 [notice] 1#1: worker process 21 exited with code 0
2024/05/01 19:08:38 [notice] 1#1: worker process 20 exited with code 0
2024/05/01 19:08:38 [notice] 1#1: worker process 22 exited with code 0
2024/05/01 19:08:38 [notice] 1#1: worker process 23 exited with code 0
2024/05/01 19:08:38 [notice] 1#1: exit
2024/05/01 19:08:42 [emerg] 1#1: unknown directive "fastcgi_pass:9000" in /etc/nginx/conf.d/nginx.conf:14
2024/05/01 19:08:45 [emerg] 1#1: unknown directive "fastcgi_pass:9000" in /etc/nginx/conf.d/nginx.conf:14
2024/05/01 19:08:47 [emerg] 1#1: unknown directive "fastcgi_pass:9000" in /etc/nginx/conf.d/nginx.conf:14
2024/05/01 19:08:50 [emerg] 1#1: unknown directive "fastcgi_pass:9000" in /etc/nginx/conf.d/nginx.conf:14
2024/05/01 19:08:52 [emerg] 1#1: unknown directive "fastcgi_pass:9000" in /etc/nginx/conf.d/nginx.conf:14
2024/05/01 19:08:55 [emerg] 1#1: unknown directive "fastcgi_pass:9000" in /etc/nginx/conf.d/nginx.conf:14
2024/05/01 19:08:59 [emerg] 1#1: unknown directive "fastcgi_pass:9000" in /etc/nginx/conf.d/nginx.conf:14
2024/05/01 19:09:07 [emerg] 1#1: unknown directive "fastcgi_pass:9000" in /etc/nginx/conf.d/nginx.conf:14
2024/05/01 19:09:20 [emerg] 1#1: host not found in upstream "php" in /etc/nginx/conf.d/nginx.conf:14
2024/05/01 19:09:52 [emerg] 1#1: host not found in upstream "php" in /etc/nginx/conf.d/nginx.conf:14
2024/05/01 19:10:49 [emerg] 1#1: host not found in upstream "php" in /etc/nginx/conf.d/nginx.conf:14
2024/05/01 19:11:55 [emerg] 1#1: host not found in upstream "php" in /etc/nginx/conf.d/nginx.conf:14
2024/05/01 19:13:01 [emerg] 1#1: host not found in upstream "php" in /etc/nginx/conf.d/nginx.conf:14
2024/05/01 19:14:07 [emerg] 1#1: host not found in upstream "php" in /etc/nginx/conf.d/nginx.conf:14
2024/05/01 19:15:13 [emerg] 1#1: host not found in upstream "php" in /etc/nginx/conf.d/nginx.conf:14
2024/05/01 19:16:20 [emerg] 1#1: host not found in upstream "php" in /etc/nginx/conf.d/nginx.conf:14
2024/05/01 19:17:27 [emerg] 1#1: host not found in upstream "php" in /etc/nginx/conf.d/nginx.conf:14
2024/05/01 19:18:33 [emerg] 1#1: host not found in upstream "php" in /etc/nginx/conf.d/nginx.conf:14
2024/05/01 19:19:40 [emerg] 1#1: host not found in upstream "php" in /etc/nginx/conf.d/nginx.conf:14
2024/05/01 19:20:46 [emerg] 1#1: host not found in upstream "php" in /etc/nginx/conf.d/nginx.conf:14
2024/05/01 19:21:52 [emerg] 1#1: host not found in upstream "php" in /etc/nginx/conf.d/nginx.conf:14
2024/05/01 19:22:58 [emerg] 1#1: host not found in upstream "php" in /etc/nginx/conf.d/nginx.conf:14
2024/05/01 19:24:04 [emerg] 1#1: host not found in upstream "php" in /etc/nginx/conf.d/nginx.conf:14
2024/05/01 19:25:10 [emerg] 1#1: host not found in upstream "php" in /etc/nginx/conf.d/nginx.conf:14
2024/05/01 19:26:16 [emerg] 1#1: host not found in upstream "php" in /etc/nginx/conf.d/nginx.conf:14
2024/05/01 19:27:22 [emerg] 1#1: host not found in upstream "php" in /etc/nginx/conf.d/nginx.conf:14
2024/05/01 19:28:28 [emerg] 1#1: host not found in upstream "php" in /etc/nginx/conf.d/nginx.conf:14
2024/05/01 19:29:34 [emerg] 1#1: host not found in upstream "php" in /etc/nginx/conf.d/nginx.conf:14
2024/05/01 19:30:40 [emerg] 1#1: host not found in upstream "php" in /etc/nginx/conf.d/nginx.conf:14
2024/05/01 19:31:46 [emerg] 1#1: host not found in upstream "php" in /etc/nginx/conf.d/nginx.conf:14
2024/05/01 19:32:52 [emerg] 1#1: host not found in upstream "php" in /etc/nginx/conf.d/nginx.conf:14
2024/05/01 19:33:58 [emerg] 1#1: host not found in upstream "php" in /etc/nginx/conf.d/nginx.conf:14
2024/05/01 19:35:04 [emerg] 1#1: host not found in upstream "php" in /etc/nginx/conf.d/nginx.conf:14
2024/05/01 19:36:10 [emerg] 1#1: host not found in upstream "php" in /etc/nginx/conf.d/nginx.conf:14
2024/05/01 19:37:16 [emerg] 1#1: host not found in upstream "php" in /etc/nginx/conf.d/nginx.conf:14
2024/05/01 19:38:23 [emerg] 1#1: host not found in upstream "php" in /etc/nginx/conf.d/nginx.conf:14
2024/05/01 19:39:28 [emerg] 1#1: host not found in upstream "php" in /etc/nginx/conf.d/nginx.conf:14
2024/05/01 19:40:35 [emerg] 1#1: host not found in upstream "php" in /etc/nginx/conf.d/nginx.conf:14
2024/05/01 19:41:41 [emerg] 1#1: host not found in upstream "php" in /etc/nginx/conf.d/nginx.conf:14
2024/05/01 19:42:47 [emerg] 1#1: host not found in upstream "php" in /etc/nginx/conf.d/nginx.conf:14
2024/05/01 19:43:53 [emerg] 1#1: host not found in upstream "php" in /etc/nginx/conf.d/nginx.conf:14
2024/05/01 19:44:59 [emerg] 1#1: host not found in upstream "php" in /etc/nginx/conf.d/nginx.conf:14
2024/05/01 19:46:05 [emerg] 1#1: host not found in upstream "php" in /etc/nginx/conf.d/nginx.conf:14
2024/05/01 19:47:11 [emerg] 1#1: host not found in upstream "php" in /etc/nginx/conf.d/nginx.conf:14
2024/05/01 19:48:17 [emerg] 1#1: host not found in upstream "php" in /etc/nginx/conf.d/nginx.conf:14
2024/05/01 19:49:23 [emerg] 1#1: host not found in upstream "php" in /etc/nginx/conf.d/nginx.conf:14
2024/05/01 19:50:29 [emerg] 1#1: host not found in upstream "php" in /etc/nginx/conf.d/nginx.conf:14
2024/05/01 19:51:36 [emerg] 1#1: host not found in upstream "php" in /etc/nginx/conf.d/nginx.conf:14
2024/05/01 19:52:43 [emerg] 1#1: host not found in upstream "php" in /etc/nginx/conf.d/nginx.conf:14
2024/05/01 19:53:50 [emerg] 1#1: host not found in upstream "php" in /etc/nginx/conf.d/nginx.conf:14
2024/05/01 19:54:57 [emerg] 1#1: host not found in upstream "php" in /etc/nginx/conf.d/nginx.conf:14
2024/05/01 19:56:04 [emerg] 1#1: host not found in upstream "php" in /etc/nginx/conf.d/nginx.conf:14
2024/05/01 19:57:10 [emerg] 1#1: host not found in upstream "php" in /etc/nginx/conf.d/nginx.conf:14
2024/05/01 19:58:19 [emerg] 1#1: host not found in upstream "php" in /etc/nginx/conf.d/nginx.conf:14
2024/05/01 19:59:26 [emerg] 1#1: host not found in upstream "php" in /etc/nginx/conf.d/nginx.conf:14
2024/05/01 20:00:32 [emerg] 1#1: host not found in upstream "php" in /etc/nginx/conf.d/nginx.conf:14
2024/05/01 20:01:39 [emerg] 1#1: host not found in upstream "php" in /etc/nginx/conf.d/nginx.conf:14
2024/05/01 20:02:50 [notice] 1#1: using the "epoll" event method
2024/05/01 20:02:50 [notice] 1#1: nginx/1.25.5
2024/05/01 20:02:50 [notice] 1#1: built by gcc 13.2.1 20231014 (Alpine 13.2.1_git20231014) 
2024/05/01 20:02:50 [notice] 1#1: OS: Linux 5.15.0-91-generic
2024/05/01 20:02:50 [notice] 1#1: getrlimit(RLIMIT_NOFILE): 1048576:1048576
2024/05/01 20:02:50 [notice] 1#1: start worker processes
2024/05/01 20:02:50 [notice] 1#1: start worker process 20
2024/05/01 20:02:50 [notice] 1#1: start worker process 21
2024/05/01 20:02:50 [notice] 1#1: start worker process 22
2024/05/01 20:02:50 [notice] 1#1: start worker process 23
2024/05/01 20:16:59 [notice] 1#1: signal 3 (SIGQUIT) received, shutting down
2024/05/01 20:16:59 [notice] 20#20: gracefully shutting down
2024/05/01 20:16:59 [notice] 22#22: gracefully shutting down
2024/05/01 20:16:59 [notice] 23#23: gracefully shutting down
2024/05/01 20:16:59 [notice] 20#20: exiting
2024/05/01 20:16:59 [notice] 23#23: exiting
2024/05/01 20:16:59 [notice] 22#22: exiting
2024/05/01 20:16:59 [notice] 23#23: exit
2024/05/01 20:16:59 [notice] 22#22: exit
2024/05/01 20:16:59 [notice] 20#20: exit
2024/05/01 20:16:59 [notice] 21#21: gracefully shutting down
2024/05/01 20:16:59 [notice] 21#21: exiting
2024/05/01 20:16:59 [notice] 21#21: exit
2024/05/01 20:16:59 [notice] 1#1: signal 17 (SIGCHLD) received from 22
2024/05/01 20:16:59 [notice] 1#1: worker process 22 exited with code 0
2024/05/01 20:16:59 [notice] 1#1: worker process 20 exited with code 0
2024/05/01 20:16:59 [notice] 1#1: signal 29 (SIGIO) received
2024/05/01 20:16:59 [notice] 1#1: signal 17 (SIGCHLD) received from 20
2024/05/01 20:16:59 [notice] 1#1: signal 17 (SIGCHLD) received from 23
2024/05/01 20:16:59 [notice] 1#1: worker process 23 exited with code 0
2024/05/01 20:16:59 [notice] 1#1: signal 29 (SIGIO) received
2024/05/01 20:16:59 [notice] 1#1: signal 17 (SIGCHLD) received from 21
2024/05/01 20:16:59 [notice] 1#1: worker process 21 exited with code 0
2024/05/01 20:16:59 [notice] 1#1: exit
2024/05/01 20:17:18 [notice] 1#1: using the "epoll" event method
2024/05/01 20:17:18 [notice] 1#1: nginx/1.25.5
2024/05/01 20:17:18 [notice] 1#1: built by gcc 13.2.1 20231014 (Alpine 13.2.1_git20231014) 
2024/05/01 20:17:18 [notice] 1#1: OS: Linux 5.15.0-91-generic
2024/05/01 20:17:18 [notice] 1#1: getrlimit(RLIMIT_NOFILE): 1048576:1048576
2024/05/01 20:17:18 [notice] 1#1: start worker processes
2024/05/01 20:17:18 [notice] 1#1: start worker process 20
2024/05/01 20:17:18 [notice] 1#1: start worker process 21
2024/05/01 20:17:18 [notice] 1#1: start worker process 22
2024/05/01 20:17:18 [notice] 1#1: start worker process 23
2024/05/01 20:44:44 [notice] 1#1: signal 3 (SIGQUIT) received, shutting down
2024/05/01 20:44:44 [notice] 22#22: gracefully shutting down
2024/05/01 20:44:44 [notice] 23#23: gracefully shutting down
2024/05/01 20:44:44 [notice] 21#21: gracefully shutting down
2024/05/01 20:44:44 [notice] 23#23: exiting
2024/05/01 20:44:44 [notice] 22#22: exiting
2024/05/01 20:44:44 [notice] 21#21: exiting
2024/05/01 20:44:44 [notice] 23#23: exit
2024/05/01 20:44:44 [notice] 21#21: exit
2024/05/01 20:44:44 [notice] 22#22: exit
2024/05/01 20:44:44 [notice] 20#20: gracefully shutting down
2024/05/01 20:44:44 [notice] 20#20: exiting
2024/05/01 20:44:44 [notice] 20#20: exit
2024/05/01 20:44:44 [notice] 1#1: signal 17 (SIGCHLD) received from 20
2024/05/01 20:44:44 [notice] 1#1: worker process 20 exited with code 0
2024/05/01 20:44:44 [notice] 1#1: worker process 22 exited with code 0
2024/05/01 20:44:44 [notice] 1#1: worker process 21 exited with code 0
2024/05/01 20:44:44 [notice] 1#1: worker process 23 exited with code 0
2024/05/01 20:44:44 [notice] 1#1: exit
2024/05/01 20:48:01 [notice] 1#1: using the "epoll" event method
2024/05/01 20:48:01 [notice] 1#1: nginx/1.25.5
2024/05/01 20:48:01 [notice] 1#1: built by gcc 13.2.1 20231014 (Alpine 13.2.1_git20231014) 
2024/05/01 20:48:01 [notice] 1#1: OS: Linux 5.15.0-91-generic
2024/05/01 20:48:01 [notice] 1#1: getrlimit(RLIMIT_NOFILE): 1048576:1048576
2024/05/01 20:48:01 [notice] 1#1: start worker processes
2024/05/01 20:48:01 [notice] 1#1: start worker process 20
2024/05/01 20:48:01 [notice] 1#1: start worker process 21
2024/05/01 20:48:01 [notice] 1#1: start worker process 22
2024/05/01 20:48:01 [notice] 1#1: start worker process 23
2024/05/01 20:50:12 [notice] 1#1: signal 3 (SIGQUIT) received, shutting down
2024/05/01 20:50:12 [notice] 23#23: gracefully shutting down
2024/05/01 20:50:12 [notice] 23#23: exiting
2024/05/01 20:50:12 [notice] 23#23: exit
2024/05/01 20:50:12 [notice] 21#21: gracefully shutting down
2024/05/01 20:50:12 [notice] 21#21: exiting
2024/05/01 20:50:12 [notice] 21#21: exit
2024/05/01 20:50:12 [notice] 20#20: gracefully shutting down
2024/05/01 20:50:12 [notice] 20#20: exiting
2024/05/01 20:50:12 [notice] 20#20: exit
2024/05/01 20:50:12 [notice] 22#22: gracefully shutting down
2024/05/01 20:50:12 [notice] 22#22: exiting
2024/05/01 20:50:12 [notice] 22#22: exit
2024/05/01 20:50:12 [notice] 1#1: signal 17 (SIGCHLD) received from 21
2024/05/01 20:50:12 [notice] 1#1: worker process 21 exited with code 0
2024/05/01 20:50:12 [notice] 1#1: worker process 23 exited with code 0
2024/05/01 20:50:12 [notice] 1#1: signal 29 (SIGIO) received
2024/05/01 20:50:12 [notice] 1#1: signal 17 (SIGCHLD) received from 22
2024/05/01 20:50:12 [notice] 1#1: worker process 22 exited with code 0
2024/05/01 20:50:12 [notice] 1#1: signal 29 (SIGIO) received
2024/05/01 20:50:12 [notice] 1#1: signal 17 (SIGCHLD) received from 20
2024/05/01 20:50:12 [notice] 1#1: worker process 20 exited with code 0
2024/05/01 20:50:12 [notice] 1#1: exit
2024/05/01 20:50:29 [notice] 1#1: using the "epoll" event method
2024/05/01 20:50:29 [notice] 1#1: nginx/1.25.5
2024/05/01 20:50:29 [notice] 1#1: built by gcc 13.2.1 20231014 (Alpine 13.2.1_git20231014) 
2024/05/01 20:50:29 [notice] 1#1: OS: Linux 5.15.0-91-generic
2024/05/01 20:50:29 [notice] 1#1: getrlimit(RLIMIT_NOFILE): 1048576:1048576
2024/05/01 20:50:29 [notice] 1#1: start worker processes
2024/05/01 20:50:29 [notice] 1#1: start worker process 20
2024/05/01 20:50:29 [notice] 1#1: start worker process 21
2024/05/01 20:50:29 [notice] 1#1: start worker process 22
2024/05/01 20:50:29 [notice] 1#1: start worker process 23
2024/05/02 06:10:45 [notice] 1#1: using the "epoll" event method
2024/05/02 06:10:45 [notice] 1#1: nginx/1.25.5
2024/05/02 06:10:45 [notice] 1#1: built by gcc 13.2.1 20231014 (Alpine 13.2.1_git20231014) 
2024/05/02 06:10:45 [notice] 1#1: OS: Linux 5.15.0-91-generic
2024/05/02 06:10:45 [notice] 1#1: getrlimit(RLIMIT_NOFILE): 1048576:1048576
2024/05/02 06:10:45 [notice] 1#1: start worker processes
2024/05/02 06:10:45 [notice] 1#1: start worker process 19
2024/05/02 06:10:45 [notice] 1#1: start worker process 20
2024/05/02 06:10:45 [notice] 1#1: start worker process 21
2024/05/02 06:10:45 [notice] 1#1: start worker process 22
2024/05/02 09:05:41 [notice] 1#1: signal 3 (SIGQUIT) received, shutting down
2024/05/02 09:05:41 [notice] 20#20: gracefully shutting down
2024/05/02 09:05:41 [notice] 20#20: exiting
2024/05/02 09:05:41 [notice] 20#20: exit
2024/05/02 09:05:41 [notice] 21#21: gracefully shutting down
2024/05/02 09:05:41 [notice] 22#22: gracefully shutting down
2024/05/02 09:05:41 [notice] 21#21: exiting
2024/05/02 09:05:41 [notice] 22#22: exiting
2024/05/02 09:05:41 [notice] 21#21: exit
2024/05/02 09:05:41 [notice] 22#22: exit
2024/05/02 09:05:41 [notice] 19#19: gracefully shutting down
2024/05/02 09:05:41 [notice] 19#19: exiting
2024/05/02 09:05:41 [notice] 19#19: exit
2024/05/02 09:05:41 [notice] 1#1: signal 17 (SIGCHLD) received from 20
2024/05/02 09:05:41 [notice] 1#1: worker process 19 exited with code 0
2024/05/02 09:05:41 [notice] 1#1: worker process 20 exited with code 0
2024/05/02 09:05:41 [notice] 1#1: signal 29 (SIGIO) received
2024/05/02 09:05:41 [notice] 1#1: signal 17 (SIGCHLD) received from 22
2024/05/02 09:05:41 [notice] 1#1: worker process 22 exited with code 0
2024/05/02 09:05:41 [notice] 1#1: signal 29 (SIGIO) received
2024/05/02 09:05:41 [notice] 1#1: signal 17 (SIGCHLD) received from 21
2024/05/02 09:05:41 [notice] 1#1: worker process 21 exited with code 0
2024/05/02 09:05:41 [notice] 1#1: exit
2024/05/02 22:16:32 [notice] 1#1: using the "epoll" event method
2024/05/02 22:16:32 [notice] 1#1: nginx/1.25.5
2024/05/02 22:16:32 [notice] 1#1: built by gcc 13.2.1 20231014 (Alpine 13.2.1_git20231014) 
2024/05/02 22:16:32 [notice] 1#1: OS: Linux 5.15.0-91-generic
2024/05/02 22:16:32 [notice] 1#1: getrlimit(RLIMIT_NOFILE): 1048576:1048576
2024/05/02 22:16:32 [notice] 1#1: start worker processes
2024/05/02 22:16:32 [notice] 1#1: start worker process 19
2024/05/02 22:16:32 [notice] 1#1: start worker process 20
2024/05/02 22:16:32 [notice] 1#1: start worker process 21
2024/05/02 22:16:32 [notice] 1#1: start worker process 22
2024/05/02 22:25:12 [notice] 1#1: signal 3 (SIGQUIT) received, shutting down
2024/05/02 22:25:12 [notice] 20#20: gracefully shutting down
2024/05/02 22:25:12 [notice] 21#21: gracefully shutting down
2024/05/02 22:25:12 [notice] 19#19: gracefully shutting down
2024/05/02 22:25:12 [notice] 22#22: gracefully shutting down
2024/05/02 22:25:12 [notice] 20#20: exiting
2024/05/02 22:25:12 [notice] 19#19: exiting
2024/05/02 22:25:12 [notice] 21#21: exiting
2024/05/02 22:25:12 [notice] 22#22: exiting
2024/05/02 22:25:12 [notice] 20#20: exit
2024/05/02 22:25:12 [notice] 22#22: exit
2024/05/02 22:25:12 [notice] 19#19: exit
2024/05/02 22:25:12 [notice] 21#21: exit
2024/05/02 22:25:12 [notice] 1#1: signal 17 (SIGCHLD) received from 20
2024/05/02 22:25:12 [notice] 1#1: worker process 20 exited with code 0
2024/05/02 22:25:12 [notice] 1#1: worker process 21 exited with code 0
2024/05/02 22:25:12 [notice] 1#1: signal 29 (SIGIO) received
2024/05/02 22:25:12 [notice] 1#1: signal 17 (SIGCHLD) received from 21
2024/05/02 22:25:12 [notice] 1#1: signal 17 (SIGCHLD) received from 22
2024/05/02 22:25:12 [notice] 1#1: worker process 22 exited with code 0
2024/05/02 22:25:12 [notice] 1#1: signal 29 (SIGIO) received
2024/05/02 22:25:12 [notice] 1#1: signal 17 (SIGCHLD) received from 19
2024/05/02 22:25:12 [notice] 1#1: worker process 19 exited with code 0
2024/05/02 22:25:12 [notice] 1#1: exit
2024/05/15 10:21:18 [notice] 1#1: using the "epoll" event method
2024/05/15 10:21:18 [notice] 1#1: nginx/1.25.5
2024/05/15 10:21:18 [notice] 1#1: built by gcc 13.2.1 20231014 (Alpine 13.2.1_git20231014) 
2024/05/15 10:21:18 [notice] 1#1: OS: Linux 5.15.0-91-generic
2024/05/15 10:21:18 [notice] 1#1: getrlimit(RLIMIT_NOFILE): 1048576:1048576
2024/05/15 10:21:18 [notice] 1#1: start worker processes
2024/05/15 10:21:18 [notice] 1#1: start worker process 20
2024/05/15 10:21:18 [notice] 1#1: start worker process 21
2024/05/15 10:21:18 [notice] 1#1: start worker process 22
2024/05/15 10:21:18 [notice] 1#1: start worker process 23
2024/05/15 12:14:04 [notice] 1#1: signal 3 (SIGQUIT) received, shutting down
2024/05/15 12:14:04 [notice] 20#20: gracefully shutting down
2024/05/15 12:14:04 [notice] 21#21: gracefully shutting down
2024/05/15 12:14:04 [notice] 20#20: exiting
2024/05/15 12:14:04 [notice] 21#21: exiting
2024/05/15 12:14:04 [notice] 22#22: gracefully shutting down
2024/05/15 12:14:04 [notice] 22#22: exiting
2024/05/15 12:14:04 [notice] 20#20: exit
2024/05/15 12:14:04 [notice] 21#21: exit
2024/05/15 12:14:04 [notice] 22#22: exit
2024/05/15 12:14:04 [notice] 23#23: gracefully shutting down
2024/05/15 12:14:04 [notice] 23#23: exiting
2024/05/15 12:14:04 [notice] 23#23: exit
2024/05/15 12:14:04 [notice] 1#1: signal 17 (SIGCHLD) received from 20
2024/05/15 12:14:04 [notice] 1#1: worker process 20 exited with code 0
2024/05/15 12:14:04 [notice] 1#1: worker process 21 exited with code 0
2024/05/15 12:14:04 [notice] 1#1: worker process 22 exited with code 0
2024/05/15 12:14:04 [notice] 1#1: worker process 23 exited with code 0
2024/05/15 12:14:04 [notice] 1#1: exit
2024/05/15 12:16:23 [notice] 1#1: using the "epoll" event method
2024/05/15 12:16:23 [notice] 1#1: nginx/1.25.5
2024/05/15 12:16:23 [notice] 1#1: built by gcc 13.2.1 20231014 (Alpine 13.2.1_git20231014) 
2024/05/15 12:16:23 [notice] 1#1: OS: Linux 5.15.0-91-generic
2024/05/15 12:16:23 [notice] 1#1: getrlimit(RLIMIT_NOFILE): 1048576:1048576
2024/05/15 12:16:23 [notice] 1#1: start worker processes
2024/05/15 12:16:23 [notice] 1#1: start worker process 20
2024/05/15 12:16:23 [notice] 1#1: start worker process 21
2024/05/15 12:16:23 [notice] 1#1: start worker process 22
2024/05/15 12:16:23 [notice] 1#1: start worker process 23
2024/05/15 17:39:09 [notice] 1#1: signal 3 (SIGQUIT) received, shutting down
2024/05/15 17:39:09 [notice] 21#21: gracefully shutting down
2024/05/15 17:39:09 [notice] 21#21: exiting
2024/05/15 17:39:09 [notice] 20#20: gracefully shutting down
2024/05/15 17:39:09 [notice] 20#20: exiting
2024/05/15 17:39:09 [notice] 23#23: gracefully shutting down
2024/05/15 17:39:09 [notice] 23#23: exiting
2024/05/15 17:39:09 [notice] 22#22: gracefully shutting down
2024/05/15 17:39:09 [notice] 22#22: exiting
2024/05/15 17:39:09 [notice] 21#21: exit
2024/05/15 17:39:09 [notice] 23#23: exit
2024/05/15 17:39:09 [notice] 22#22: exit
2024/05/15 17:39:09 [notice] 20#20: exit
2024/05/15 17:39:10 [notice] 1#1: signal 17 (SIGCHLD) received from 23
2024/05/15 17:39:10 [notice] 1#1: worker process 23 exited with code 0
2024/05/15 17:39:10 [notice] 1#1: worker process 21 exited with code 0
2024/05/15 17:39:10 [notice] 1#1: signal 29 (SIGIO) received
2024/05/15 17:39:10 [notice] 1#1: signal 17 (SIGCHLD) received from 21
2024/05/15 17:39:10 [notice] 1#1: signal 17 (SIGCHLD) received from 22
2024/05/15 17:39:10 [notice] 1#1: worker process 22 exited with code 0
2024/05/15 17:39:10 [notice] 1#1: signal 29 (SIGIO) received
2024/05/15 17:39:10 [notice] 1#1: signal 17 (SIGCHLD) received from 20
2024/05/15 17:39:10 [notice] 1#1: worker process 20 exited with code 0
2024/05/15 17:39:10 [notice] 1#1: exit
2024/05/28 14:08:40 [notice] 1#1: using the "epoll" event method
2024/05/28 14:08:40 [notice] 1#1: nginx/1.25.5
2024/05/28 14:08:40 [notice] 1#1: built by gcc 13.2.1 20231014 (Alpine 13.2.1_git20231014) 
2024/05/28 14:08:40 [notice] 1#1: OS: Linux 5.15.0-91-generic
2024/05/28 14:08:40 [notice] 1#1: getrlimit(RLIMIT_NOFILE): 1048576:1048576
2024/05/28 14:08:40 [notice] 1#1: start worker processes
2024/05/28 14:08:40 [notice] 1#1: start worker process 20
2024/05/28 14:08:40 [notice] 1#1: start worker process 21
2024/05/28 14:08:40 [notice] 1#1: start worker process 22
2024/05/28 14:08:40 [notice] 1#1: start worker process 23
2024/05/28 14:13:23 [notice] 1#1: signal 3 (SIGQUIT) received, shutting down
2024/05/28 14:13:23 [notice] 20#20: gracefully shutting down
2024/05/28 14:13:23 [notice] 22#22: gracefully shutting down
2024/05/28 14:13:23 [notice] 20#20: exiting
2024/05/28 14:13:23 [notice] 21#21: gracefully shutting down
2024/05/28 14:13:23 [notice] 22#22: exiting
2024/05/28 14:13:23 [notice] 21#21: exiting
2024/05/28 14:13:23 [notice] 20#20: exit
2024/05/28 14:13:23 [notice] 22#22: exit
2024/05/28 14:13:23 [notice] 21#21: exit
2024/05/28 14:13:23 [notice] 23#23: gracefully shutting down
2024/05/28 14:13:23 [notice] 23#23: exiting
2024/05/28 14:13:23 [notice] 23#23: exit
2024/05/28 14:13:23 [notice] 1#1: signal 17 (SIGCHLD) received from 22
2024/05/28 14:13:23 [notice] 1#1: worker process 22 exited with code 0
2024/05/28 14:13:23 [notice] 1#1: signal 29 (SIGIO) received
2024/05/28 14:13:23 [notice] 1#1: signal 17 (SIGCHLD) received from 20
2024/05/28 14:13:23 [notice] 1#1: worker process 20 exited with code 0
2024/05/28 14:13:23 [notice] 1#1: signal 29 (SIGIO) received
2024/05/28 14:13:23 [notice] 1#1: signal 17 (SIGCHLD) received from 21
2024/05/28 14:13:23 [notice] 1#1: worker process 21 exited with code 0
2024/05/28 14:13:23 [notice] 1#1: signal 29 (SIGIO) received
2024/05/28 14:13:23 [notice] 1#1: signal 17 (SIGCHLD) received from 23
2024/05/28 14:13:23 [notice] 1#1: worker process 23 exited with code 0
2024/05/28 14:13:23 [notice] 1#1: exit
2024/06/11 11:26:01 [notice] 1#1: using the "epoll" event method
2024/06/11 11:26:01 [notice] 1#1: nginx/1.25.5
2024/06/11 11:26:01 [notice] 1#1: built by gcc 13.2.1 20231014 (Alpine 13.2.1_git20231014) 
2024/06/11 11:26:01 [notice] 1#1: OS: Linux 5.15.0-91-generic
2024/06/11 11:26:01 [notice] 1#1: getrlimit(RLIMIT_NOFILE): 1048576:1048576
2024/06/11 11:26:01 [notice] 1#1: start worker processes
2024/06/11 11:26:01 [notice] 1#1: start worker process 20
2024/06/11 11:26:01 [notice] 1#1: start worker process 21
2024/06/11 11:26:01 [notice] 1#1: start worker process 22
2024/06/11 11:26:01 [notice] 1#1: start worker process 23
2024/06/11 11:38:48 [notice] 1#1: signal 3 (SIGQUIT) received, shutting down
2024/06/11 11:38:48 [notice] 20#20: gracefully shutting down
2024/06/11 11:38:48 [notice] 23#23: gracefully shutting down
2024/06/11 11:38:48 [notice] 20#20: exiting
2024/06/11 11:38:48 [notice] 23#23: exiting
2024/06/11 11:38:48 [notice] 20#20: exit
2024/06/11 11:38:48 [notice] 23#23: exit
2024/06/11 11:38:48 [notice] 22#22: gracefully shutting down
2024/06/11 11:38:48 [notice] 22#22: exiting
2024/06/11 11:38:48 [notice] 21#21: gracefully shutting down
2024/06/11 11:38:48 [notice] 22#22: exit
2024/06/11 11:38:48 [notice] 21#21: exiting
2024/06/11 11:38:48 [notice] 21#21: exit
2024/06/11 11:38:48 [notice] 1#1: signal 17 (SIGCHLD) received from 23
2024/06/11 11:38:48 [notice] 1#1: worker process 22 exited with code 0
2024/06/11 11:38:48 [notice] 1#1: worker process 23 exited with code 0
2024/06/11 11:38:48 [notice] 1#1: signal 29 (SIGIO) received
2024/06/11 11:38:48 [notice] 1#1: signal 17 (SIGCHLD) received from 21
2024/06/11 11:38:48 [notice] 1#1: worker process 21 exited with code 0
2024/06/11 11:38:48 [notice] 1#1: signal 29 (SIGIO) received
2024/06/11 11:38:48 [notice] 1#1: signal 17 (SIGCHLD) received from 20
2024/06/11 11:38:48 [notice] 1#1: worker process 20 exited with code 0
2024/06/11 11:38:48 [notice] 1#1: exit
2024/06/11 11:50:32 [notice] 1#1: using the "epoll" event method
2024/06/11 11:50:32 [notice] 1#1: nginx/1.25.5
2024/06/11 11:50:32 [notice] 1#1: built by gcc 13.2.1 20231014 (Alpine 13.2.1_git20231014) 
2024/06/11 11:50:32 [notice] 1#1: OS: Linux 5.15.0-91-generic
2024/06/11 11:50:32 [notice] 1#1: getrlimit(RLIMIT_NOFILE): 1048576:1048576
2024/06/11 11:50:32 [notice] 1#1: start worker processes
2024/06/11 11:50:32 [notice] 1#1: start worker process 20
2024/06/11 11:50:32 [notice] 1#1: start worker process 21
2024/06/11 11:50:32 [notice] 1#1: start worker process 22
2024/06/11 11:50:32 [notice] 1#1: start worker process 23
2024/06/11 11:52:32 [notice] 1#1: signal 3 (SIGQUIT) received, shutting down
2024/06/11 11:52:32 [notice] 20#20: gracefully shutting down
2024/06/11 11:52:32 [notice] 22#22: gracefully shutting down
2024/06/11 11:52:32 [notice] 21#21: gracefully shutting down
2024/06/11 11:52:32 [notice] 20#20: exiting
2024/06/11 11:52:32 [notice] 22#22: exiting
2024/06/11 11:52:32 [notice] 21#21: exiting
2024/06/11 11:52:32 [notice] 23#23: gracefully shutting down
2024/06/11 11:52:32 [notice] 23#23: exiting
2024/06/11 11:52:32 [notice] 20#20: exit
2024/06/11 11:52:32 [notice] 22#22: exit
2024/06/11 11:52:32 [notice] 21#21: exit
2024/06/11 11:52:32 [notice] 23#23: exit
2024/06/11 11:52:32 [notice] 1#1: signal 17 (SIGCHLD) received from 21
2024/06/11 11:52:32 [notice] 1#1: worker process 21 exited with code 0
2024/06/11 11:52:32 [notice] 1#1: signal 29 (SIGIO) received
2024/06/11 11:52:32 [notice] 1#1: signal 17 (SIGCHLD) received from 20
2024/06/11 11:52:32 [notice] 1#1: worker process 20 exited with code 0
2024/06/11 11:52:32 [notice] 1#1: signal 29 (SIGIO) received
2024/06/11 11:52:32 [notice] 1#1: signal 17 (SIGCHLD) received from 23
2024/06/11 11:52:32 [notice] 1#1: worker process 23 exited with code 0
2024/06/11 11:52:32 [notice] 1#1: signal 29 (SIGIO) received
2024/06/11 11:52:32 [notice] 1#1: signal 17 (SIGCHLD) received from 22
2024/06/11 11:52:32 [notice] 1#1: worker process 22 exited with code 0
2024/06/11 11:52:32 [notice] 1#1: exit
2024/06/11 12:00:46 [notice] 1#1: using the "epoll" event method
2024/06/11 12:00:46 [notice] 1#1: nginx/1.25.5
2024/06/11 12:00:46 [notice] 1#1: built by gcc 13.2.1 20231014 (Alpine 13.2.1_git20231014) 
2024/06/11 12:00:46 [notice] 1#1: OS: Linux 5.15.0-91-generic
2024/06/11 12:00:46 [notice] 1#1: getrlimit(RLIMIT_NOFILE): 1048576:1048576
2024/06/11 12:00:46 [notice] 1#1: start worker processes
2024/06/11 12:00:46 [notice] 1#1: start worker process 20
2024/06/11 12:00:46 [notice] 1#1: start worker process 21
2024/06/11 12:00:46 [notice] 1#1: start worker process 22
2024/06/11 12:00:46 [notice] 1#1: start worker process 23
